<?xml version="1.0" encoding="UTF-8" ?>
<testsuite failures="0" time="0.014" errors="0" skipped="1" tests="4" name="com.smartfile.api.OAuthTokenTest">
  <properties>
[...]
</properties>
  <testcase time="0.002" classname="com.smartfile.api.OAuthTokenTest" name="testGetToken"/>
  <testcase time="0.004" classname="com.smartfile.api.OAuthTokenTest" name="testSetSecret">
    <skipped/>
  </testcase>
  <testcase time="0" classname="com.smartfile.api.OAuthTokenTest" name="testGetSecret"/>
  <testcase time="0" classname="com.smartfile.api.OAuthTokenTest" name="testSetToken"/>
</testsuite>