<?xml version="1.0" encoding="UTF-8" ?>
<testsuite failures="0" time="103.168" errors="0" skipped="0" tests="30" name="com.smartfile.api.ClientTest">
  <properties>
[...]
</properties>
  <testcase time="3.532" classname="com.smartfile.api.ClientTest" name="testCheckSum"/>
  <testcase time="0.874" classname="com.smartfile.api.ClientTest" name="testAccessPath"/>
  <testcase time="6.798" classname="com.smartfile.api.ClientTest" name="testAccessUser"/>
  <testcase time="3.386" classname="com.smartfile.api.ClientTest" name="testSearchUser"/>
  <testcase time="0.955" classname="com.smartfile.api.ClientTest" name="testSearchGroup"/>
  <testcase time="0.876" classname="com.smartfile.api.ClientTest" name="testGroup"/>
  <testcase time="0.929" classname="com.smartfile.api.ClientTest" name="testMkdir"/>
  <testcase time="5.163" classname="com.smartfile.api.ClientTest" name="testWatch"/>
  <testcase time="3.805" classname="com.smartfile.api.ClientTest" name="testCopy"/>
  <testcase time="3.862" classname="com.smartfile.api.ClientTest" name="testMove"/>
  <testcase time="0.834" classname="com.smartfile.api.ClientTest" name="testPing"/>
  <testcase time="0.872" classname="com.smartfile.api.ClientTest" name="testRole"/>
  <testcase time="3.48" classname="com.smartfile.api.ClientTest" name="testUser"/>
  <testcase time="1.296" classname="com.smartfile.api.ClientTest" name="testActivity"/>
  <testcase time="1.946" classname="com.smartfile.api.ClientTest" name="testUserPreferences"/>
  <testcase time="15.797" classname="com.smartfile.api.ClientTest" name="testGroupAccess"/>
  <testcase time="2.31" classname="com.smartfile.api.ClientTest" name="testSitePreferences"/>
  <testcase time="1.959" classname="com.smartfile.api.ClientTest" name="testProgress"/>
  <testcase time="2.927" classname="com.smartfile.api.ClientTest" name="testComperss"/>
  <testcase time="5.196" classname="com.smartfile.api.ClientTest" name="testWatchPath"/>
  <testcase time="10.622" classname="com.smartfile.api.ClientTest" name="testGroupWatch"/>
  <testcase time="0" classname="com.smartfile.api.ClientTest" name="testSetApiUrl"/>
  <testcase time="1.163" classname="com.smartfile.api.ClientTest" name="testFileUpload"/>
  <testcase time="10.008" classname="com.smartfile.api.ClientTest" name="testFileDownload"/>
  <testcase time="0.86" classname="com.smartfile.api.ClientTest" name="testPreferences"/>
  <testcase time="0.854" classname="com.smartfile.api.ClientTest" name="testSession"/>
  <testcase time="3.019" classname="com.smartfile.api.ClientTest" name="testRemove"/>
  <testcase time="1.883" classname="com.smartfile.api.ClientTest" name="testRename"/>
  <testcase time="7.027" classname="com.smartfile.api.ClientTest" name="testSearch"/>
  <testcase time="0.925" classname="com.smartfile.api.ClientTest" name="testPathInfo"/>
</testsuite>